2019-09-18 05:11:07 Notice: Deprecated (16384): Plugin::load() is deprecated. Use Application::addPlugin() instead. This method will be removed in 4.0.0. - /var/www/html/causas/config/bootstrap.php, line: 204
 You can disable deprecation warnings by setting `Error.errorLevel` to `E_ALL & ~E_USER_DEPRECATED` in your config/app.php. in [/var/www/html/causas/vendor/cakephp/cakephp/src/Core/functions.php, line 311]
Trace:
Cake\Error\BaseErrorHandler::handleError() - CORE/src/Error/BaseErrorHandler.php, line 159
deprecationWarning - CORE/src/Core/functions.php, line 311
Cake\Core\Plugin::load() - CORE/src/Core/Plugin.php, line 118
require_once - ROOT/config/bootstrap.php, line 204
Cake\Http\BaseApplication::bootstrap() - CORE/src/Http/BaseApplication.php, line 152
App\Application::bootstrap() - APP/Application.php, line 42
Cake\Http\Server::bootstrap() - CORE/src/Http/Server.php, line 121
Cake\Http\Server::run() - CORE/src/Http/Server.php, line 82
[main] - ROOT/webroot/index.php, line 40



2019-09-18 05:11:11 Notice: Deprecated (16384): Plugin::load() is deprecated. Use Application::addPlugin() instead. This method will be removed in 4.0.0. - /var/www/html/causas/config/bootstrap.php, line: 204
 You can disable deprecation warnings by setting `Error.errorLevel` to `E_ALL & ~E_USER_DEPRECATED` in your config/app.php. in [/var/www/html/causas/vendor/cakephp/cakephp/src/Core/functions.php, line 311]
Trace:
Cake\Error\BaseErrorHandler::handleError() - CORE/src/Error/BaseErrorHandler.php, line 159
deprecationWarning - CORE/src/Core/functions.php, line 311
Cake\Core\Plugin::load() - CORE/src/Core/Plugin.php, line 118
require_once - ROOT/config/bootstrap.php, line 204
Cake\Http\BaseApplication::bootstrap() - CORE/src/Http/BaseApplication.php, line 152
App\Application::bootstrap() - APP/Application.php, line 42
Cake\Http\Server::bootstrap() - CORE/src/Http/Server.php, line 121
Cake\Http\Server::run() - CORE/src/Http/Server.php, line 82
[main] - ROOT/webroot/index.php, line 40



2019-09-18 05:11:18 Notice: Deprecated (16384): Plugin::load() is deprecated. Use Application::addPlugin() instead. This method will be removed in 4.0.0. - /var/www/html/causas/config/bootstrap.php, line: 204
 You can disable deprecation warnings by setting `Error.errorLevel` to `E_ALL & ~E_USER_DEPRECATED` in your config/app.php. in [/var/www/html/causas/vendor/cakephp/cakephp/src/Core/functions.php, line 311]
Trace:
Cake\Error\BaseErrorHandler::handleError() - CORE/src/Error/BaseErrorHandler.php, line 159
deprecationWarning - CORE/src/Core/functions.php, line 311
Cake\Core\Plugin::load() - CORE/src/Core/Plugin.php, line 118
require_once - ROOT/config/bootstrap.php, line 204
Cake\Http\BaseApplication::bootstrap() - CORE/src/Http/BaseApplication.php, line 152
App\Application::bootstrap() - APP/Application.php, line 42
Cake\Http\Server::bootstrap() - CORE/src/Http/Server.php, line 121
Cake\Http\Server::run() - CORE/src/Http/Server.php, line 82
[main] - ROOT/webroot/index.php, line 40



2019-09-18 14:30:12 Notice: Deprecated (16384): Accessing routing parameters through `action` will removed in 4.0.0. Use `getParam()` instead. - /var/www/html/causas/src/Controller/UsersController.php, line: 23
 You can disable deprecation warnings by setting `Error.errorLevel` to `E_ALL & ~E_USER_DEPRECATED` in your config/app.php. in [/var/www/html/causas/vendor/cakephp/cakephp/src/Core/functions.php, line 311]
Request URL: /users
Referer URL: http://192.168.100.20/?redirect=%2Fusers
Client IP: 192.168.100.15
Trace:
Cake\Error\BaseErrorHandler::handleError() - CORE/src/Error/BaseErrorHandler.php, line 159
deprecationWarning - CORE/src/Core/functions.php, line 311
Cake\Http\ServerRequest::__get() - CORE/src/Http/ServerRequest.php, line 738
App\Controller\UsersController::isAuthorized() - APP/Controller/UsersController.php, line 23
Cake\Auth\ControllerAuthorize::authorize() - CORE/src/Auth/ControllerAuthorize.php, line 93
Cake\Controller\Component\AuthComponent::isAuthorized() - CORE/src/Controller/Component/AuthComponent.php, line 540
Cake\Controller\Component\AuthComponent::authCheck() - CORE/src/Controller/Component/AuthComponent.php, line 326
Cake\Controller\Component\AuthComponent::startup() - CORE/src/Controller/Component/AuthComponent.php, line 276
Cake\Event\EventManager::_callListener() - CORE/src/Event/EventManager.php, line 353
Cake\Event\EventManager::dispatch() - CORE/src/Event/EventManager.php, line 330
Cake\Controller\Controller::dispatchEvent() - CORE/src/Event/EventDispatcherTrait.php, line 114
Cake\Controller\Controller::startupProcess() - CORE/src/Controller/Controller.php, line 681
Cake\Http\ActionDispatcher::_invoke() - CORE/src/Http/ActionDispatcher.php, line 115
Cake\Http\ActionDispatcher::dispatch() - CORE/src/Http/ActionDispatcher.php, line 94
Cake\Http\BaseApplication::__invoke() - CORE/src/Http/BaseApplication.php, line 235
Cake\Http\Runner::__invoke() - CORE/src/Http/Runner.php, line 65
Cake\Http\Runner::__invoke() - CORE/src/Http/Runner.php, line 65
Cake\Http\Middleware\CsrfProtectionMiddleware::__invoke() - CORE/src/Http/Middleware/CsrfProtectionMiddleware.php, line 123
Cake\Http\Runner::__invoke() - CORE/src/Http/Runner.php, line 65
Cake\Http\Runner::run() - CORE/src/Http/Runner.php, line 51
Cake\Routing\Middleware\RoutingMiddleware::__invoke() - CORE/src/Routing/Middleware/RoutingMiddleware.php, line 168
Cake\Http\Runner::__invoke() - CORE/src/Http/Runner.php, line 65
Cake\Routing\Middleware\AssetMiddleware::__invoke() - CORE/src/Routing/Middleware/AssetMiddleware.php, line 88
Cake\Http\Runner::__invoke() - CORE/src/Http/Runner.php, line 65
Cake\Error\Middleware\ErrorHandlerMiddleware::__invoke() - CORE/src/Error/Middleware/ErrorHandlerMiddleware.php, line 96
Cake\Http\Runner::__invoke() - CORE/src/Http/Runner.php, line 65
Cake\Http\Runner::run() - CORE/src/Http/Runner.php, line 51
Cake\Http\Server::run() - CORE/src/Http/Server.php, line 98
[main] - ROOT/webroot/index.php, line 40



2019-09-18 14:30:12 Notice: Deprecated (16384): Accessing routing parameters through `action` will removed in 4.0.0. Use `getParam()` instead. - /var/www/html/causas/src/Controller/UsersController.php, line: 23
 You can disable deprecation warnings by setting `Error.errorLevel` to `E_ALL & ~E_USER_DEPRECATED` in your config/app.php. in [/var/www/html/causas/vendor/cakephp/cakephp/src/Core/functions.php, line 311]
Request URL: /users/home
Referer URL: http://192.168.100.20/?redirect=%2Fusers
Client IP: 192.168.100.15
Trace:
Cake\Error\BaseErrorHandler::handleError() - CORE/src/Error/BaseErrorHandler.php, line 159
deprecationWarning - CORE/src/Core/functions.php, line 311
Cake\Http\ServerRequest::__get() - CORE/src/Http/ServerRequest.php, line 738
App\Controller\UsersController::isAuthorized() - APP/Controller/UsersController.php, line 23
Cake\Auth\ControllerAuthorize::authorize() - CORE/src/Auth/ControllerAuthorize.php, line 93
Cake\Controller\Component\AuthComponent::isAuthorized() - CORE/src/Controller/Component/AuthComponent.php, line 540
Cake\Controller\Component\AuthComponent::authCheck() - CORE/src/Controller/Component/AuthComponent.php, line 326
Cake\Controller\Component\AuthComponent::startup() - CORE/src/Controller/Component/AuthComponent.php, line 276
Cake\Event\EventManager::_callListener() - CORE/src/Event/EventManager.php, line 353
Cake\Event\EventManager::dispatch() - CORE/src/Event/EventManager.php, line 330
Cake\Controller\Controller::dispatchEvent() - CORE/src/Event/EventDispatcherTrait.php, line 114
Cake\Controller\Controller::startupProcess() - CORE/src/Controller/Controller.php, line 681
Cake\Http\ActionDispatcher::_invoke() - CORE/src/Http/ActionDispatcher.php, line 115
Cake\Http\ActionDispatcher::dispatch() - CORE/src/Http/ActionDispatcher.php, line 94
Cake\Http\BaseApplication::__invoke() - CORE/src/Http/BaseApplication.php, line 235
Cake\Http\Runner::__invoke() - CORE/src/Http/Runner.php, line 65
Cake\Http\Runner::__invoke() - CORE/src/Http/Runner.php, line 65
Cake\Http\Middleware\CsrfProtectionMiddleware::__invoke() - CORE/src/Http/Middleware/CsrfProtectionMiddleware.php, line 123
Cake\Http\Runner::__invoke() - CORE/src/Http/Runner.php, line 65
Cake\Http\Runner::run() - CORE/src/Http/Runner.php, line 51
Cake\Routing\Middleware\RoutingMiddleware::__invoke() - CORE/src/Routing/Middleware/RoutingMiddleware.php, line 168
Cake\Http\Runner::__invoke() - CORE/src/Http/Runner.php, line 65
Cake\Routing\Middleware\AssetMiddleware::__invoke() - CORE/src/Routing/Middleware/AssetMiddleware.php, line 88
Cake\Http\Runner::__invoke() - CORE/src/Http/Runner.php, line 65
Cake\Error\Middleware\ErrorHandlerMiddleware::__invoke() - CORE/src/Error/Middleware/ErrorHandlerMiddleware.php, line 96
Cake\Http\Runner::__invoke() - CORE/src/Http/Runner.php, line 65
Cake\Http\Runner::run() - CORE/src/Http/Runner.php, line 51
Cake\Http\Server::run() - CORE/src/Http/Server.php, line 98
[main] - ROOT/webroot/index.php, line 40



2019-09-18 14:30:21 Notice: Deprecated (16384): Accessing routing parameters through `action` will removed in 4.0.0. Use `getParam()` instead. - /var/www/html/causas/src/Controller/UsersController.php, line: 23
 You can disable deprecation warnings by setting `Error.errorLevel` to `E_ALL & ~E_USER_DEPRECATED` in your config/app.php. in [/var/www/html/causas/vendor/cakephp/cakephp/src/Core/functions.php, line 311]
Request URL: /users/logout
Referer URL: http://192.168.100.20/users/home
Client IP: 192.168.100.15
Trace:
Cake\Error\BaseErrorHandler::handleError() - CORE/src/Error/BaseErrorHandler.php, line 159
deprecationWarning - CORE/src/Core/functions.php, line 311
Cake\Http\ServerRequest::__get() - CORE/src/Http/ServerRequest.php, line 738
App\Controller\UsersController::isAuthorized() - APP/Controller/UsersController.php, line 23
Cake\Auth\ControllerAuthorize::authorize() - CORE/src/Auth/ControllerAuthorize.php, line 93
Cake\Controller\Component\AuthComponent::isAuthorized() - CORE/src/Controller/Component/AuthComponent.php, line 540
Cake\Controller\Component\AuthComponent::authCheck() - CORE/src/Controller/Component/AuthComponent.php, line 326
Cake\Controller\Component\AuthComponent::startup() - CORE/src/Controller/Component/AuthComponent.php, line 276
Cake\Event\EventManager::_callListener() - CORE/src/Event/EventManager.php, line 353
Cake\Event\EventManager::dispatch() - CORE/src/Event/EventManager.php, line 330
Cake\Controller\Controller::dispatchEvent() - CORE/src/Event/EventDispatcherTrait.php, line 114
Cake\Controller\Controller::startupProcess() - CORE/src/Controller/Controller.php, line 681
Cake\Http\ActionDispatcher::_invoke() - CORE/src/Http/ActionDispatcher.php, line 115
Cake\Http\ActionDispatcher::dispatch() - CORE/src/Http/ActionDispatcher.php, line 94
Cake\Http\BaseApplication::__invoke() - CORE/src/Http/BaseApplication.php, line 235
Cake\Http\Runner::__invoke() - CORE/src/Http/Runner.php, line 65
Cake\Http\Runner::__invoke() - CORE/src/Http/Runner.php, line 65
Cake\Http\Middleware\CsrfProtectionMiddleware::__invoke() - CORE/src/Http/Middleware/CsrfProtectionMiddleware.php, line 123
Cake\Http\Runner::__invoke() - CORE/src/Http/Runner.php, line 65
Cake\Http\Runner::run() - CORE/src/Http/Runner.php, line 51
Cake\Routing\Middleware\RoutingMiddleware::__invoke() - CORE/src/Routing/Middleware/RoutingMiddleware.php, line 168
Cake\Http\Runner::__invoke() - CORE/src/Http/Runner.php, line 65
Cake\Routing\Middleware\AssetMiddleware::__invoke() - CORE/src/Routing/Middleware/AssetMiddleware.php, line 88
Cake\Http\Runner::__invoke() - CORE/src/Http/Runner.php, line 65
Cake\Error\Middleware\ErrorHandlerMiddleware::__invoke() - CORE/src/Error/Middleware/ErrorHandlerMiddleware.php, line 96
Cake\Http\Runner::__invoke() - CORE/src/Http/Runner.php, line 65
Cake\Http\Runner::run() - CORE/src/Http/Runner.php, line 51
Cake\Http\Server::run() - CORE/src/Http/Server.php, line 98
[main] - ROOT/webroot/index.php, line 40



2019-09-18 14:30:26 Notice: Deprecated (16384): Accessing routing parameters through `action` will removed in 4.0.0. Use `getParam()` instead. - /var/www/html/causas/src/Controller/UsersController.php, line: 23
 You can disable deprecation warnings by setting `Error.errorLevel` to `E_ALL & ~E_USER_DEPRECATED` in your config/app.php. in [/var/www/html/causas/vendor/cakephp/cakephp/src/Core/functions.php, line 311]
Request URL: /users/home
Referer URL: http://192.168.100.20/
Client IP: 192.168.100.15
Trace:
Cake\Error\BaseErrorHandler::handleError() - CORE/src/Error/BaseErrorHandler.php, line 159
deprecationWarning - CORE/src/Core/functions.php, line 311
Cake\Http\ServerRequest::__get() - CORE/src/Http/ServerRequest.php, line 738
App\Controller\UsersController::isAuthorized() - APP/Controller/UsersController.php, line 23
Cake\Auth\ControllerAuthorize::authorize() - CORE/src/Auth/ControllerAuthorize.php, line 93
Cake\Controller\Component\AuthComponent::isAuthorized() - CORE/src/Controller/Component/AuthComponent.php, line 540
Cake\Controller\Component\AuthComponent::authCheck() - CORE/src/Controller/Component/AuthComponent.php, line 326
Cake\Controller\Component\AuthComponent::startup() - CORE/src/Controller/Component/AuthComponent.php, line 276
Cake\Event\EventManager::_callListener() - CORE/src/Event/EventManager.php, line 353
Cake\Event\EventManager::dispatch() - CORE/src/Event/EventManager.php, line 330
Cake\Controller\Controller::dispatchEvent() - CORE/src/Event/EventDispatcherTrait.php, line 114
Cake\Controller\Controller::startupProcess() - CORE/src/Controller/Controller.php, line 681
Cake\Http\ActionDispatcher::_invoke() - CORE/src/Http/ActionDispatcher.php, line 115
Cake\Http\ActionDispatcher::dispatch() - CORE/src/Http/ActionDispatcher.php, line 94
Cake\Http\BaseApplication::__invoke() - CORE/src/Http/BaseApplication.php, line 235
Cake\Http\Runner::__invoke() - CORE/src/Http/Runner.php, line 65
Cake\Http\Runner::__invoke() - CORE/src/Http/Runner.php, line 65
Cake\Http\Middleware\CsrfProtectionMiddleware::__invoke() - CORE/src/Http/Middleware/CsrfProtectionMiddleware.php, line 123
Cake\Http\Runner::__invoke() - CORE/src/Http/Runner.php, line 65
Cake\Http\Runner::run() - CORE/src/Http/Runner.php, line 51
Cake\Routing\Middleware\RoutingMiddleware::__invoke() - CORE/src/Routing/Middleware/RoutingMiddleware.php, line 168
Cake\Http\Runner::__invoke() - CORE/src/Http/Runner.php, line 65
Cake\Routing\Middleware\AssetMiddleware::__invoke() - CORE/src/Routing/Middleware/AssetMiddleware.php, line 88
Cake\Http\Runner::__invoke() - CORE/src/Http/Runner.php, line 65
Cake\Error\Middleware\ErrorHandlerMiddleware::__invoke() - CORE/src/Error/Middleware/ErrorHandlerMiddleware.php, line 96
Cake\Http\Runner::__invoke() - CORE/src/Http/Runner.php, line 65
Cake\Http\Runner::run() - CORE/src/Http/Runner.php, line 51
Cake\Http\Server::run() - CORE/src/Http/Server.php, line 98
[main] - ROOT/webroot/index.php, line 40



2019-09-18 14:30:31 Notice: Deprecated (16384): Accessing routing parameters through `action` will removed in 4.0.0. Use `getParam()` instead. - /var/www/html/causas/src/Controller/UsersController.php, line: 23
 You can disable deprecation warnings by setting `Error.errorLevel` to `E_ALL & ~E_USER_DEPRECATED` in your config/app.php. in [/var/www/html/causas/vendor/cakephp/cakephp/src/Core/functions.php, line 311]
Request URL: /users/view/56
Referer URL: http://192.168.100.20/users/home
Client IP: 192.168.100.15
Trace:
Cake\Error\BaseErrorHandler::handleError() - CORE/src/Error/BaseErrorHandler.php, line 159
deprecationWarning - CORE/src/Core/functions.php, line 311
Cake\Http\ServerRequest::__get() - CORE/src/Http/ServerRequest.php, line 738
App\Controller\UsersController::isAuthorized() - APP/Controller/UsersController.php, line 23
Cake\Auth\ControllerAuthorize::authorize() - CORE/src/Auth/ControllerAuthorize.php, line 93
Cake\Controller\Component\AuthComponent::isAuthorized() - CORE/src/Controller/Component/AuthComponent.php, line 540
Cake\Controller\Component\AuthComponent::authCheck() - CORE/src/Controller/Component/AuthComponent.php, line 326
Cake\Controller\Component\AuthComponent::startup() - CORE/src/Controller/Component/AuthComponent.php, line 276
Cake\Event\EventManager::_callListener() - CORE/src/Event/EventManager.php, line 353
Cake\Event\EventManager::dispatch() - CORE/src/Event/EventManager.php, line 330
Cake\Controller\Controller::dispatchEvent() - CORE/src/Event/EventDispatcherTrait.php, line 114
Cake\Controller\Controller::startupProcess() - CORE/src/Controller/Controller.php, line 681
Cake\Http\ActionDispatcher::_invoke() - CORE/src/Http/ActionDispatcher.php, line 115
Cake\Http\ActionDispatcher::dispatch() - CORE/src/Http/ActionDispatcher.php, line 94
Cake\Http\BaseApplication::__invoke() - CORE/src/Http/BaseApplication.php, line 235
Cake\Http\Runner::__invoke() - CORE/src/Http/Runner.php, line 65
Cake\Http\Runner::__invoke() - CORE/src/Http/Runner.php, line 65
Cake\Http\Middleware\CsrfProtectionMiddleware::__invoke() - CORE/src/Http/Middleware/CsrfProtectionMiddleware.php, line 123
Cake\Http\Runner::__invoke() - CORE/src/Http/Runner.php, line 65
Cake\Http\Runner::run() - CORE/src/Http/Runner.php, line 51
Cake\Routing\Middleware\RoutingMiddleware::__invoke() - CORE/src/Routing/Middleware/RoutingMiddleware.php, line 168
Cake\Http\Runner::__invoke() - CORE/src/Http/Runner.php, line 65
Cake\Routing\Middleware\AssetMiddleware::__invoke() - CORE/src/Routing/Middleware/AssetMiddleware.php, line 88
Cake\Http\Runner::__invoke() - CORE/src/Http/Runner.php, line 65
Cake\Error\Middleware\ErrorHandlerMiddleware::__invoke() - CORE/src/Error/Middleware/ErrorHandlerMiddleware.php, line 96
Cake\Http\Runner::__invoke() - CORE/src/Http/Runner.php, line 65
Cake\Http\Runner::run() - CORE/src/Http/Runner.php, line 51
Cake\Http\Server::run() - CORE/src/Http/Server.php, line 98
[main] - ROOT/webroot/index.php, line 40



2019-09-18 14:30:43 Notice: Deprecated (16384): Accessing routing parameters through `action` will removed in 4.0.0. Use `getParam()` instead. - /var/www/html/causas/src/Controller/BookmarksController.php, line: 18
 You can disable deprecation warnings by setting `Error.errorLevel` to `E_ALL & ~E_USER_DEPRECATED` in your config/app.php. in [/var/www/html/causas/vendor/cakephp/cakephp/src/Core/functions.php, line 311]
Request URL: /bookmarks
Referer URL: http://192.168.100.20/users/view/56
Client IP: 192.168.100.15
Trace:
Cake\Error\BaseErrorHandler::handleError() - CORE/src/Error/BaseErrorHandler.php, line 159
deprecationWarning - CORE/src/Core/functions.php, line 311
Cake\Http\ServerRequest::__get() - CORE/src/Http/ServerRequest.php, line 738
App\Controller\BookmarksController::isAuthorized() - APP/Controller/BookmarksController.php, line 18
Cake\Auth\ControllerAuthorize::authorize() - CORE/src/Auth/ControllerAuthorize.php, line 93
Cake\Controller\Component\AuthComponent::isAuthorized() - CORE/src/Controller/Component/AuthComponent.php, line 540
Cake\Controller\Component\AuthComponent::authCheck() - CORE/src/Controller/Component/AuthComponent.php, line 326
Cake\Controller\Component\AuthComponent::startup() - CORE/src/Controller/Component/AuthComponent.php, line 276
Cake\Event\EventManager::_callListener() - CORE/src/Event/EventManager.php, line 353
Cake\Event\EventManager::dispatch() - CORE/src/Event/EventManager.php, line 330
Cake\Controller\Controller::dispatchEvent() - CORE/src/Event/EventDispatcherTrait.php, line 114
Cake\Controller\Controller::startupProcess() - CORE/src/Controller/Controller.php, line 681
Cake\Http\ActionDispatcher::_invoke() - CORE/src/Http/ActionDispatcher.php, line 115
Cake\Http\ActionDispatcher::dispatch() - CORE/src/Http/ActionDispatcher.php, line 94
Cake\Http\BaseApplication::__invoke() - CORE/src/Http/BaseApplication.php, line 235
Cake\Http\Runner::__invoke() - CORE/src/Http/Runner.php, line 65
Cake\Http\Runner::__invoke() - CORE/src/Http/Runner.php, line 65
Cake\Http\Middleware\CsrfProtectionMiddleware::__invoke() - CORE/src/Http/Middleware/CsrfProtectionMiddleware.php, line 123
Cake\Http\Runner::__invoke() - CORE/src/Http/Runner.php, line 65
Cake\Http\Runner::run() - CORE/src/Http/Runner.php, line 51
Cake\Routing\Middleware\RoutingMiddleware::__invoke() - CORE/src/Routing/Middleware/RoutingMiddleware.php, line 168
Cake\Http\Runner::__invoke() - CORE/src/Http/Runner.php, line 65
Cake\Routing\Middleware\AssetMiddleware::__invoke() - CORE/src/Routing/Middleware/AssetMiddleware.php, line 88
Cake\Http\Runner::__invoke() - CORE/src/Http/Runner.php, line 65
Cake\Error\Middleware\ErrorHandlerMiddleware::__invoke() - CORE/src/Error/Middleware/ErrorHandlerMiddleware.php, line 96
Cake\Http\Runner::__invoke() - CORE/src/Http/Runner.php, line 65
Cake\Http\Runner::run() - CORE/src/Http/Runner.php, line 51
Cake\Http\Server::run() - CORE/src/Http/Server.php, line 98
[main] - ROOT/webroot/index.php, line 40



2019-09-18 14:30:47 Notice: Deprecated (16384): Accessing routing parameters through `action` will removed in 4.0.0. Use `getParam()` instead. - /var/www/html/causas/src/Controller/BookmarksController.php, line: 18
 You can disable deprecation warnings by setting `Error.errorLevel` to `E_ALL & ~E_USER_DEPRECATED` in your config/app.php. in [/var/www/html/causas/vendor/cakephp/cakephp/src/Core/functions.php, line 311]
Request URL: /bookmarks
Referer URL: http://192.168.100.20/bookmarks
Client IP: 192.168.100.15
Trace:
Cake\Error\BaseErrorHandler::handleError() - CORE/src/Error/BaseErrorHandler.php, line 159
deprecationWarning - CORE/src/Core/functions.php, line 311
Cake\Http\ServerRequest::__get() - CORE/src/Http/ServerRequest.php, line 738
App\Controller\BookmarksController::isAuthorized() - APP/Controller/BookmarksController.php, line 18
Cake\Auth\ControllerAuthorize::authorize() - CORE/src/Auth/ControllerAuthorize.php, line 93
Cake\Controller\Component\AuthComponent::isAuthorized() - CORE/src/Controller/Component/AuthComponent.php, line 540
Cake\Controller\Component\AuthComponent::authCheck() - CORE/src/Controller/Component/AuthComponent.php, line 326
Cake\Controller\Component\AuthComponent::startup() - CORE/src/Controller/Component/AuthComponent.php, line 276
Cake\Event\EventManager::_callListener() - CORE/src/Event/EventManager.php, line 353
Cake\Event\EventManager::dispatch() - CORE/src/Event/EventManager.php, line 330
Cake\Controller\Controller::dispatchEvent() - CORE/src/Event/EventDispatcherTrait.php, line 114
Cake\Controller\Controller::startupProcess() - CORE/src/Controller/Controller.php, line 681
Cake\Http\ActionDispatcher::_invoke() - CORE/src/Http/ActionDispatcher.php, line 115
Cake\Http\ActionDispatcher::dispatch() - CORE/src/Http/ActionDispatcher.php, line 94
Cake\Http\BaseApplication::__invoke() - CORE/src/Http/BaseApplication.php, line 235
Cake\Http\Runner::__invoke() - CORE/src/Http/Runner.php, line 65
Cake\Http\Runner::__invoke() - CORE/src/Http/Runner.php, line 65
Cake\Http\Middleware\CsrfProtectionMiddleware::__invoke() - CORE/src/Http/Middleware/CsrfProtectionMiddleware.php, line 123
Cake\Http\Runner::__invoke() - CORE/src/Http/Runner.php, line 65
Cake\Http\Runner::run() - CORE/src/Http/Runner.php, line 51
Cake\Routing\Middleware\RoutingMiddleware::__invoke() - CORE/src/Routing/Middleware/RoutingMiddleware.php, line 168
Cake\Http\Runner::__invoke() - CORE/src/Http/Runner.php, line 65
Cake\Routing\Middleware\AssetMiddleware::__invoke() - CORE/src/Routing/Middleware/AssetMiddleware.php, line 88
Cake\Http\Runner::__invoke() - CORE/src/Http/Runner.php, line 65
Cake\Error\Middleware\ErrorHandlerMiddleware::__invoke() - CORE/src/Error/Middleware/ErrorHandlerMiddleware.php, line 96
Cake\Http\Runner::__invoke() - CORE/src/Http/Runner.php, line 65
Cake\Http\Runner::run() - CORE/src/Http/Runner.php, line 51
Cake\Http\Server::run() - CORE/src/Http/Server.php, line 98
[main] - ROOT/webroot/index.php, line 40



2019-09-18 14:30:50 Notice: Deprecated (16384): Accessing routing parameters through `action` will removed in 4.0.0. Use `getParam()` instead. - /var/www/html/causas/src/Controller/UsersController.php, line: 23
 You can disable deprecation warnings by setting `Error.errorLevel` to `E_ALL & ~E_USER_DEPRECATED` in your config/app.php. in [/var/www/html/causas/vendor/cakephp/cakephp/src/Core/functions.php, line 311]
Request URL: /users
Referer URL: http://192.168.100.20/bookmarks
Client IP: 192.168.100.15
Trace:
Cake\Error\BaseErrorHandler::handleError() - CORE/src/Error/BaseErrorHandler.php, line 159
deprecationWarning - CORE/src/Core/functions.php, line 311
Cake\Http\ServerRequest::__get() - CORE/src/Http/ServerRequest.php, line 738
App\Controller\UsersController::isAuthorized() - APP/Controller/UsersController.php, line 23
Cake\Auth\ControllerAuthorize::authorize() - CORE/src/Auth/ControllerAuthorize.php, line 93
Cake\Controller\Component\AuthComponent::isAuthorized() - CORE/src/Controller/Component/AuthComponent.php, line 540
Cake\Controller\Component\AuthComponent::authCheck() - CORE/src/Controller/Component/AuthComponent.php, line 326
Cake\Controller\Component\AuthComponent::startup() - CORE/src/Controller/Component/AuthComponent.php, line 276
Cake\Event\EventManager::_callListener() - CORE/src/Event/EventManager.php, line 353
Cake\Event\EventManager::dispatch() - CORE/src/Event/EventManager.php, line 330
Cake\Controller\Controller::dispatchEvent() - CORE/src/Event/EventDispatcherTrait.php, line 114
Cake\Controller\Controller::startupProcess() - CORE/src/Controller/Controller.php, line 681
Cake\Http\ActionDispatcher::_invoke() - CORE/src/Http/ActionDispatcher.php, line 115
Cake\Http\ActionDispatcher::dispatch() - CORE/src/Http/ActionDispatcher.php, line 94
Cake\Http\BaseApplication::__invoke() - CORE/src/Http/BaseApplication.php, line 235
Cake\Http\Runner::__invoke() - CORE/src/Http/Runner.php, line 65
Cake\Http\Runner::__invoke() - CORE/src/Http/Runner.php, line 65
Cake\Http\Middleware\CsrfProtectionMiddleware::__invoke() - CORE/src/Http/Middleware/CsrfProtectionMiddleware.php, line 123
Cake\Http\Runner::__invoke() - CORE/src/Http/Runner.php, line 65
Cake\Http\Runner::run() - CORE/src/Http/Runner.php, line 51
Cake\Routing\Middleware\RoutingMiddleware::__invoke() - CORE/src/Routing/Middleware/RoutingMiddleware.php, line 168
Cake\Http\Runner::__invoke() - CORE/src/Http/Runner.php, line 65
Cake\Routing\Middleware\AssetMiddleware::__invoke() - CORE/src/Routing/Middleware/AssetMiddleware.php, line 88
Cake\Http\Runner::__invoke() - CORE/src/Http/Runner.php, line 65
Cake\Error\Middleware\ErrorHandlerMiddleware::__invoke() - CORE/src/Error/Middleware/ErrorHandlerMiddleware.php, line 96
Cake\Http\Runner::__invoke() - CORE/src/Http/Runner.php, line 65
Cake\Http\Runner::run() - CORE/src/Http/Runner.php, line 51
Cake\Http\Server::run() - CORE/src/Http/Server.php, line 98
[main] - ROOT/webroot/index.php, line 40



2019-09-18 14:30:50 Notice: Deprecated (16384): Accessing routing parameters through `action` will removed in 4.0.0. Use `getParam()` instead. - /var/www/html/causas/src/Controller/BookmarksController.php, line: 18
 You can disable deprecation warnings by setting `Error.errorLevel` to `E_ALL & ~E_USER_DEPRECATED` in your config/app.php. in [/var/www/html/causas/vendor/cakephp/cakephp/src/Core/functions.php, line 311]
Request URL: /bookmarks
Referer URL: http://192.168.100.20/bookmarks
Client IP: 192.168.100.15
Trace:
Cake\Error\BaseErrorHandler::handleError() - CORE/src/Error/BaseErrorHandler.php, line 159
deprecationWarning - CORE/src/Core/functions.php, line 311
Cake\Http\ServerRequest::__get() - CORE/src/Http/ServerRequest.php, line 738
App\Controller\BookmarksController::isAuthorized() - APP/Controller/BookmarksController.php, line 18
Cake\Auth\ControllerAuthorize::authorize() - CORE/src/Auth/ControllerAuthorize.php, line 93
Cake\Controller\Component\AuthComponent::isAuthorized() - CORE/src/Controller/Component/AuthComponent.php, line 540
Cake\Controller\Component\AuthComponent::authCheck() - CORE/src/Controller/Component/AuthComponent.php, line 326
Cake\Controller\Component\AuthComponent::startup() - CORE/src/Controller/Component/AuthComponent.php, line 276
Cake\Event\EventManager::_callListener() - CORE/src/Event/EventManager.php, line 353
Cake\Event\EventManager::dispatch() - CORE/src/Event/EventManager.php, line 330
Cake\Controller\Controller::dispatchEvent() - CORE/src/Event/EventDispatcherTrait.php, line 114
Cake\Controller\Controller::startupProcess() - CORE/src/Controller/Controller.php, line 681
Cake\Http\ActionDispatcher::_invoke() - CORE/src/Http/ActionDispatcher.php, line 115
Cake\Http\ActionDispatcher::dispatch() - CORE/src/Http/ActionDispatcher.php, line 94
Cake\Http\BaseApplication::__invoke() - CORE/src/Http/BaseApplication.php, line 235
Cake\Http\Runner::__invoke() - CORE/src/Http/Runner.php, line 65
Cake\Http\Runner::__invoke() - CORE/src/Http/Runner.php, line 65
Cake\Http\Middleware\CsrfProtectionMiddleware::__invoke() - CORE/src/Http/Middleware/CsrfProtectionMiddleware.php, line 123
Cake\Http\Runner::__invoke() - CORE/src/Http/Runner.php, line 65
Cake\Http\Runner::run() - CORE/src/Http/Runner.php, line 51
Cake\Routing\Middleware\RoutingMiddleware::__invoke() - CORE/src/Routing/Middleware/RoutingMiddleware.php, line 168
Cake\Http\Runner::__invoke() - CORE/src/Http/Runner.php, line 65
Cake\Routing\Middleware\AssetMiddleware::__invoke() - CORE/src/Routing/Middleware/AssetMiddleware.php, line 88
Cake\Http\Runner::__invoke() - CORE/src/Http/Runner.php, line 65
Cake\Error\Middleware\ErrorHandlerMiddleware::__invoke() - CORE/src/Error/Middleware/ErrorHandlerMiddleware.php, line 96
Cake\Http\Runner::__invoke() - CORE/src/Http/Runner.php, line 65
Cake\Http\Runner::run() - CORE/src/Http/Runner.php, line 51
Cake\Http\Server::run() - CORE/src/Http/Server.php, line 98
[main] - ROOT/webroot/index.php, line 40



2019-09-18 14:31:16 Notice: Deprecated (16384): Accessing routing parameters through `action` will removed in 4.0.0. Use `getParam()` instead. - /var/www/html/causas/src/Controller/UsersController.php, line: 23
 You can disable deprecation warnings by setting `Error.errorLevel` to `E_ALL & ~E_USER_DEPRECATED` in your config/app.php. in [/var/www/html/causas/vendor/cakephp/cakephp/src/Core/functions.php, line 311]
Request URL: /users/logout
Referer URL: http://192.168.100.20/bookmarks
Client IP: 192.168.100.15
Trace:
Cake\Error\BaseErrorHandler::handleError() - CORE/src/Error/BaseErrorHandler.php, line 159
deprecationWarning - CORE/src/Core/functions.php, line 311
Cake\Http\ServerRequest::__get() - CORE/src/Http/ServerRequest.php, line 738
App\Controller\UsersController::isAuthorized() - APP/Controller/UsersController.php, line 23
Cake\Auth\ControllerAuthorize::authorize() - CORE/src/Auth/ControllerAuthorize.php, line 93
Cake\Controller\Component\AuthComponent::isAuthorized() - CORE/src/Controller/Component/AuthComponent.php, line 540
Cake\Controller\Component\AuthComponent::authCheck() - CORE/src/Controller/Component/AuthComponent.php, line 326
Cake\Controller\Component\AuthComponent::startup() - CORE/src/Controller/Component/AuthComponent.php, line 276
Cake\Event\EventManager::_callListener() - CORE/src/Event/EventManager.php, line 353
Cake\Event\EventManager::dispatch() - CORE/src/Event/EventManager.php, line 330
Cake\Controller\Controller::dispatchEvent() - CORE/src/Event/EventDispatcherTrait.php, line 114
Cake\Controller\Controller::startupProcess() - CORE/src/Controller/Controller.php, line 681
Cake\Http\ActionDispatcher::_invoke() - CORE/src/Http/ActionDispatcher.php, line 115
Cake\Http\ActionDispatcher::dispatch() - CORE/src/Http/ActionDispatcher.php, line 94
Cake\Http\BaseApplication::__invoke() - CORE/src/Http/BaseApplication.php, line 235
Cake\Http\Runner::__invoke() - CORE/src/Http/Runner.php, line 65
Cake\Http\Runner::__invoke() - CORE/src/Http/Runner.php, line 65
Cake\Http\Middleware\CsrfProtectionMiddleware::__invoke() - CORE/src/Http/Middleware/CsrfProtectionMiddleware.php, line 123
Cake\Http\Runner::__invoke() - CORE/src/Http/Runner.php, line 65
Cake\Http\Runner::run() - CORE/src/Http/Runner.php, line 51
Cake\Routing\Middleware\RoutingMiddleware::__invoke() - CORE/src/Routing/Middleware/RoutingMiddleware.php, line 168
Cake\Http\Runner::__invoke() - CORE/src/Http/Runner.php, line 65
Cake\Routing\Middleware\AssetMiddleware::__invoke() - CORE/src/Routing/Middleware/AssetMiddleware.php, line 88
Cake\Http\Runner::__invoke() - CORE/src/Http/Runner.php, line 65
Cake\Error\Middleware\ErrorHandlerMiddleware::__invoke() - CORE/src/Error/Middleware/ErrorHandlerMiddleware.php, line 96
Cake\Http\Runner::__invoke() - CORE/src/Http/Runner.php, line 65
Cake\Http\Runner::run() - CORE/src/Http/Runner.php, line 51
Cake\Http\Server::run() - CORE/src/Http/Server.php, line 98
[main] - ROOT/webroot/index.php, line 40



2019-09-18 15:14:26 Notice: Deprecated (16384): Accessing `data` as a property will be removed in 4.0.0. Use request->getData() instead. - /var/www/html/causas/src/Controller/UsersController.php, line: 91
 You can disable deprecation warnings by setting `Error.errorLevel` to `E_ALL & ~E_USER_DEPRECATED` in your config/app.php. in [/var/www/html/causas/vendor/cakephp/cakephp/src/Core/functions.php, line 311]
Request URL: /users/add
Referer URL: http://192.168.100.20/users/add
Client IP: 192.168.100.15
Trace:
Cake\Error\BaseErrorHandler::handleError() - CORE/src/Error/BaseErrorHandler.php, line 159
deprecationWarning - CORE/src/Core/functions.php, line 311
Cake\Http\ServerRequest::__get() - CORE/src/Http/ServerRequest.php, line 729
App\Controller\UsersController::add() - APP/Controller/UsersController.php, line 91
Cake\Controller\Controller::invokeAction() - CORE/src/Controller/Controller.php, line 610
Cake\Http\ActionDispatcher::_invoke() - CORE/src/Http/ActionDispatcher.php, line 120
Cake\Http\ActionDispatcher::dispatch() - CORE/src/Http/ActionDispatcher.php, line 94
Cake\Http\BaseApplication::__invoke() - CORE/src/Http/BaseApplication.php, line 235
Cake\Http\Runner::__invoke() - CORE/src/Http/Runner.php, line 65
Cake\Http\Runner::__invoke() - CORE/src/Http/Runner.php, line 65
Cake\Http\Middleware\CsrfProtectionMiddleware::__invoke() - CORE/src/Http/Middleware/CsrfProtectionMiddleware.php, line 123
Cake\Http\Runner::__invoke() - CORE/src/Http/Runner.php, line 65
Cake\Http\Runner::run() - CORE/src/Http/Runner.php, line 51
Cake\Routing\Middleware\RoutingMiddleware::__invoke() - CORE/src/Routing/Middleware/RoutingMiddleware.php, line 168
Cake\Http\Runner::__invoke() - CORE/src/Http/Runner.php, line 65
Cake\Routing\Middleware\AssetMiddleware::__invoke() - CORE/src/Routing/Middleware/AssetMiddleware.php, line 88
Cake\Http\Runner::__invoke() - CORE/src/Http/Runner.php, line 65
Cake\Error\Middleware\ErrorHandlerMiddleware::__invoke() - CORE/src/Error/Middleware/ErrorHandlerMiddleware.php, line 96
Cake\Http\Runner::__invoke() - CORE/src/Http/Runner.php, line 65
Cake\Http\Runner::run() - CORE/src/Http/Runner.php, line 51
Cake\Http\Server::run() - CORE/src/Http/Server.php, line 98
[main] - ROOT/webroot/index.php, line 40



2019-09-18 15:14:35 Notice: Deprecated (16384): Accessing routing parameters through `action` will removed in 4.0.0. Use `getParam()` instead. - /var/www/html/causas/src/Controller/UsersController.php, line: 23
 You can disable deprecation warnings by setting `Error.errorLevel` to `E_ALL & ~E_USER_DEPRECATED` in your config/app.php. in [/var/www/html/causas/vendor/cakephp/cakephp/src/Core/functions.php, line 311]
Request URL: /users/home
Referer URL: http://192.168.100.20/
Client IP: 192.168.100.15
Trace:
Cake\Error\BaseErrorHandler::handleError() - CORE/src/Error/BaseErrorHandler.php, line 159
deprecationWarning - CORE/src/Core/functions.php, line 311
Cake\Http\ServerRequest::__get() - CORE/src/Http/ServerRequest.php, line 738
App\Controller\UsersController::isAuthorized() - APP/Controller/UsersController.php, line 23
Cake\Auth\ControllerAuthorize::authorize() - CORE/src/Auth/ControllerAuthorize.php, line 93
Cake\Controller\Component\AuthComponent::isAuthorized() - CORE/src/Controller/Component/AuthComponent.php, line 540
Cake\Controller\Component\AuthComponent::authCheck() - CORE/src/Controller/Component/AuthComponent.php, line 326
Cake\Controller\Component\AuthComponent::startup() - CORE/src/Controller/Component/AuthComponent.php, line 276
Cake\Event\EventManager::_callListener() - CORE/src/Event/EventManager.php, line 353
Cake\Event\EventManager::dispatch() - CORE/src/Event/EventManager.php, line 330
Cake\Controller\Controller::dispatchEvent() - CORE/src/Event/EventDispatcherTrait.php, line 114
Cake\Controller\Controller::startupProcess() - CORE/src/Controller/Controller.php, line 681
Cake\Http\ActionDispatcher::_invoke() - CORE/src/Http/ActionDispatcher.php, line 115
Cake\Http\ActionDispatcher::dispatch() - CORE/src/Http/ActionDispatcher.php, line 94
Cake\Http\BaseApplication::__invoke() - CORE/src/Http/BaseApplication.php, line 235
Cake\Http\Runner::__invoke() - CORE/src/Http/Runner.php, line 65
Cake\Http\Runner::__invoke() - CORE/src/Http/Runner.php, line 65
Cake\Http\Middleware\CsrfProtectionMiddleware::__invoke() - CORE/src/Http/Middleware/CsrfProtectionMiddleware.php, line 123
Cake\Http\Runner::__invoke() - CORE/src/Http/Runner.php, line 65
Cake\Http\Runner::run() - CORE/src/Http/Runner.php, line 51
Cake\Routing\Middleware\RoutingMiddleware::__invoke() - CORE/src/Routing/Middleware/RoutingMiddleware.php, line 168
Cake\Http\Runner::__invoke() - CORE/src/Http/Runner.php, line 65
Cake\Routing\Middleware\AssetMiddleware::__invoke() - CORE/src/Routing/Middleware/AssetMiddleware.php, line 88
Cake\Http\Runner::__invoke() - CORE/src/Http/Runner.php, line 65
Cake\Error\Middleware\ErrorHandlerMiddleware::__invoke() - CORE/src/Error/Middleware/ErrorHandlerMiddleware.php, line 96
Cake\Http\Runner::__invoke() - CORE/src/Http/Runner.php, line 65
Cake\Http\Runner::run() - CORE/src/Http/Runner.php, line 51
Cake\Http\Server::run() - CORE/src/Http/Server.php, line 98
[main] - ROOT/webroot/index.php, line 40



2019-09-18 15:14:39 Notice: Deprecated (16384): Accessing routing parameters through `action` will removed in 4.0.0. Use `getParam()` instead. - /var/www/html/causas/src/Controller/BookmarksController.php, line: 18
 You can disable deprecation warnings by setting `Error.errorLevel` to `E_ALL & ~E_USER_DEPRECATED` in your config/app.php. in [/var/www/html/causas/vendor/cakephp/cakephp/src/Core/functions.php, line 311]
Request URL: /bookmarks
Referer URL: http://192.168.100.20/users/home
Client IP: 192.168.100.15
Trace:
Cake\Error\BaseErrorHandler::handleError() - CORE/src/Error/BaseErrorHandler.php, line 159
deprecationWarning - CORE/src/Core/functions.php, line 311
Cake\Http\ServerRequest::__get() - CORE/src/Http/ServerRequest.php, line 738
App\Controller\BookmarksController::isAuthorized() - APP/Controller/BookmarksController.php, line 18
Cake\Auth\ControllerAuthorize::authorize() - CORE/src/Auth/ControllerAuthorize.php, line 93
Cake\Controller\Component\AuthComponent::isAuthorized() - CORE/src/Controller/Component/AuthComponent.php, line 540
Cake\Controller\Component\AuthComponent::authCheck() - CORE/src/Controller/Component/AuthComponent.php, line 326
Cake\Controller\Component\AuthComponent::startup() - CORE/src/Controller/Component/AuthComponent.php, line 276
Cake\Event\EventManager::_callListener() - CORE/src/Event/EventManager.php, line 353
Cake\Event\EventManager::dispatch() - CORE/src/Event/EventManager.php, line 330
Cake\Controller\Controller::dispatchEvent() - CORE/src/Event/EventDispatcherTrait.php, line 114
Cake\Controller\Controller::startupProcess() - CORE/src/Controller/Controller.php, line 681
Cake\Http\ActionDispatcher::_invoke() - CORE/src/Http/ActionDispatcher.php, line 115
Cake\Http\ActionDispatcher::dispatch() - CORE/src/Http/ActionDispatcher.php, line 94
Cake\Http\BaseApplication::__invoke() - CORE/src/Http/BaseApplication.php, line 235
Cake\Http\Runner::__invoke() - CORE/src/Http/Runner.php, line 65
Cake\Http\Runner::__invoke() - CORE/src/Http/Runner.php, line 65
Cake\Http\Middleware\CsrfProtectionMiddleware::__invoke() - CORE/src/Http/Middleware/CsrfProtectionMiddleware.php, line 123
Cake\Http\Runner::__invoke() - CORE/src/Http/Runner.php, line 65
Cake\Http\Runner::run() - CORE/src/Http/Runner.php, line 51
Cake\Routing\Middleware\RoutingMiddleware::__invoke() - CORE/src/Routing/Middleware/RoutingMiddleware.php, line 168
Cake\Http\Runner::__invoke() - CORE/src/Http/Runner.php, line 65
Cake\Routing\Middleware\AssetMiddleware::__invoke() - CORE/src/Routing/Middleware/AssetMiddleware.php, line 88
Cake\Http\Runner::__invoke() - CORE/src/Http/Runner.php, line 65
Cake\Error\Middleware\ErrorHandlerMiddleware::__invoke() - CORE/src/Error/Middleware/ErrorHandlerMiddleware.php, line 96
Cake\Http\Runner::__invoke() - CORE/src/Http/Runner.php, line 65
Cake\Http\Runner::run() - CORE/src/Http/Runner.php, line 51
Cake\Http\Server::run() - CORE/src/Http/Server.php, line 98
[main] - ROOT/webroot/index.php, line 40



2019-09-18 15:14:43 Notice: Deprecated (16384): Accessing routing parameters through `action` will removed in 4.0.0. Use `getParam()` instead. - /var/www/html/causas/src/Controller/UsersController.php, line: 23
 You can disable deprecation warnings by setting `Error.errorLevel` to `E_ALL & ~E_USER_DEPRECATED` in your config/app.php. in [/var/www/html/causas/vendor/cakephp/cakephp/src/Core/functions.php, line 311]
Request URL: /users/home
Referer URL: http://192.168.100.20/
Client IP: 192.168.100.15
Trace:
Cake\Error\BaseErrorHandler::handleError() - CORE/src/Error/BaseErrorHandler.php, line 159
deprecationWarning - CORE/src/Core/functions.php, line 311
Cake\Http\ServerRequest::__get() - CORE/src/Http/ServerRequest.php, line 738
App\Controller\UsersController::isAuthorized() - APP/Controller/UsersController.php, line 23
Cake\Auth\ControllerAuthorize::authorize() - CORE/src/Auth/ControllerAuthorize.php, line 93
Cake\Controller\Component\AuthComponent::isAuthorized() - CORE/src/Controller/Component/AuthComponent.php, line 540
Cake\Controller\Component\AuthComponent::authCheck() - CORE/src/Controller/Component/AuthComponent.php, line 326
Cake\Controller\Component\AuthComponent::startup() - CORE/src/Controller/Component/AuthComponent.php, line 276
Cake\Event\EventManager::_callListener() - CORE/src/Event/EventManager.php, line 353
Cake\Event\EventManager::dispatch() - CORE/src/Event/EventManager.php, line 330
Cake\Controller\Controller::dispatchEvent() - CORE/src/Event/EventDispatcherTrait.php, line 114
Cake\Controller\Controller::startupProcess() - CORE/src/Controller/Controller.php, line 681
Cake\Http\ActionDispatcher::_invoke() - CORE/src/Http/ActionDispatcher.php, line 115
Cake\Http\ActionDispatcher::dispatch() - CORE/src/Http/ActionDispatcher.php, line 94
Cake\Http\BaseApplication::__invoke() - CORE/src/Http/BaseApplication.php, line 235
Cake\Http\Runner::__invoke() - CORE/src/Http/Runner.php, line 65
Cake\Http\Runner::__invoke() - CORE/src/Http/Runner.php, line 65
Cake\Http\Middleware\CsrfProtectionMiddleware::__invoke() - CORE/src/Http/Middleware/CsrfProtectionMiddleware.php, line 123
Cake\Http\Runner::__invoke() - CORE/src/Http/Runner.php, line 65
Cake\Http\Runner::run() - CORE/src/Http/Runner.php, line 51
Cake\Routing\Middleware\RoutingMiddleware::__invoke() - CORE/src/Routing/Middleware/RoutingMiddleware.php, line 168
Cake\Http\Runner::__invoke() - CORE/src/Http/Runner.php, line 65
Cake\Routing\Middleware\AssetMiddleware::__invoke() - CORE/src/Routing/Middleware/AssetMiddleware.php, line 88
Cake\Http\Runner::__invoke() - CORE/src/Http/Runner.php, line 65
Cake\Error\Middleware\ErrorHandlerMiddleware::__invoke() - CORE/src/Error/Middleware/ErrorHandlerMiddleware.php, line 96
Cake\Http\Runner::__invoke() - CORE/src/Http/Runner.php, line 65
Cake\Http\Runner::run() - CORE/src/Http/Runner.php, line 51
Cake\Http\Server::run() - CORE/src/Http/Server.php, line 98
[main] - ROOT/webroot/index.php, line 40



2019-09-18 15:14:44 Notice: Deprecated (16384): Accessing routing parameters through `action` will removed in 4.0.0. Use `getParam()` instead. - /var/www/html/causas/src/Controller/UsersController.php, line: 23
 You can disable deprecation warnings by setting `Error.errorLevel` to `E_ALL & ~E_USER_DEPRECATED` in your config/app.php. in [/var/www/html/causas/vendor/cakephp/cakephp/src/Core/functions.php, line 311]
Request URL: /users/view/61
Referer URL: http://192.168.100.20/users/home
Client IP: 192.168.100.15
Trace:
Cake\Error\BaseErrorHandler::handleError() - CORE/src/Error/BaseErrorHandler.php, line 159
deprecationWarning - CORE/src/Core/functions.php, line 311
Cake\Http\ServerRequest::__get() - CORE/src/Http/ServerRequest.php, line 738
App\Controller\UsersController::isAuthorized() - APP/Controller/UsersController.php, line 23
Cake\Auth\ControllerAuthorize::authorize() - CORE/src/Auth/ControllerAuthorize.php, line 93
Cake\Controller\Component\AuthComponent::isAuthorized() - CORE/src/Controller/Component/AuthComponent.php, line 540
Cake\Controller\Component\AuthComponent::authCheck() - CORE/src/Controller/Component/AuthComponent.php, line 326
Cake\Controller\Component\AuthComponent::startup() - CORE/src/Controller/Component/AuthComponent.php, line 276
Cake\Event\EventManager::_callListener() - CORE/src/Event/EventManager.php, line 353
Cake\Event\EventManager::dispatch() - CORE/src/Event/EventManager.php, line 330
Cake\Controller\Controller::dispatchEvent() - CORE/src/Event/EventDispatcherTrait.php, line 114
Cake\Controller\Controller::startupProcess() - CORE/src/Controller/Controller.php, line 681
Cake\Http\ActionDispatcher::_invoke() - CORE/src/Http/ActionDispatcher.php, line 115
Cake\Http\ActionDispatcher::dispatch() - CORE/src/Http/ActionDispatcher.php, line 94
Cake\Http\BaseApplication::__invoke() - CORE/src/Http/BaseApplication.php, line 235
Cake\Http\Runner::__invoke() - CORE/src/Http/Runner.php, line 65
Cake\Http\Runner::__invoke() - CORE/src/Http/Runner.php, line 65
Cake\Http\Middleware\CsrfProtectionMiddleware::__invoke() - CORE/src/Http/Middleware/CsrfProtectionMiddleware.php, line 123
Cake\Http\Runner::__invoke() - CORE/src/Http/Runner.php, line 65
Cake\Http\Runner::run() - CORE/src/Http/Runner.php, line 51
Cake\Routing\Middleware\RoutingMiddleware::__invoke() - CORE/src/Routing/Middleware/RoutingMiddleware.php, line 168
Cake\Http\Runner::__invoke() - CORE/src/Http/Runner.php, line 65
Cake\Routing\Middleware\AssetMiddleware::__invoke() - CORE/src/Routing/Middleware/AssetMiddleware.php, line 88
Cake\Http\Runner::__invoke() - CORE/src/Http/Runner.php, line 65
Cake\Error\Middleware\ErrorHandlerMiddleware::__invoke() - CORE/src/Error/Middleware/ErrorHandlerMiddleware.php, line 96
Cake\Http\Runner::__invoke() - CORE/src/Http/Runner.php, line 65
Cake\Http\Runner::run() - CORE/src/Http/Runner.php, line 51
Cake\Http\Server::run() - CORE/src/Http/Server.php, line 98
[main] - ROOT/webroot/index.php, line 40



2019-09-18 15:14:49 Notice: Deprecated (16384): Accessing routing parameters through `action` will removed in 4.0.0. Use `getParam()` instead. - /var/www/html/causas/src/Controller/UsersController.php, line: 23
 You can disable deprecation warnings by setting `Error.errorLevel` to `E_ALL & ~E_USER_DEPRECATED` in your config/app.php. in [/var/www/html/causas/vendor/cakephp/cakephp/src/Core/functions.php, line 311]
Request URL: /users/logout
Referer URL: http://192.168.100.20/users/view/61
Client IP: 192.168.100.15
Trace:
Cake\Error\BaseErrorHandler::handleError() - CORE/src/Error/BaseErrorHandler.php, line 159
deprecationWarning - CORE/src/Core/functions.php, line 311
Cake\Http\ServerRequest::__get() - CORE/src/Http/ServerRequest.php, line 738
App\Controller\UsersController::isAuthorized() - APP/Controller/UsersController.php, line 23
Cake\Auth\ControllerAuthorize::authorize() - CORE/src/Auth/ControllerAuthorize.php, line 93
Cake\Controller\Component\AuthComponent::isAuthorized() - CORE/src/Controller/Component/AuthComponent.php, line 540
Cake\Controller\Component\AuthComponent::authCheck() - CORE/src/Controller/Component/AuthComponent.php, line 326
Cake\Controller\Component\AuthComponent::startup() - CORE/src/Controller/Component/AuthComponent.php, line 276
Cake\Event\EventManager::_callListener() - CORE/src/Event/EventManager.php, line 353
Cake\Event\EventManager::dispatch() - CORE/src/Event/EventManager.php, line 330
Cake\Controller\Controller::dispatchEvent() - CORE/src/Event/EventDispatcherTrait.php, line 114
Cake\Controller\Controller::startupProcess() - CORE/src/Controller/Controller.php, line 681
Cake\Http\ActionDispatcher::_invoke() - CORE/src/Http/ActionDispatcher.php, line 115
Cake\Http\ActionDispatcher::dispatch() - CORE/src/Http/ActionDispatcher.php, line 94
Cake\Http\BaseApplication::__invoke() - CORE/src/Http/BaseApplication.php, line 235
Cake\Http\Runner::__invoke() - CORE/src/Http/Runner.php, line 65
Cake\Http\Runner::__invoke() - CORE/src/Http/Runner.php, line 65
Cake\Http\Middleware\CsrfProtectionMiddleware::__invoke() - CORE/src/Http/Middleware/CsrfProtectionMiddleware.php, line 123
Cake\Http\Runner::__invoke() - CORE/src/Http/Runner.php, line 65
Cake\Http\Runner::run() - CORE/src/Http/Runner.php, line 51
Cake\Routing\Middleware\RoutingMiddleware::__invoke() - CORE/src/Routing/Middleware/RoutingMiddleware.php, line 168
Cake\Http\Runner::__invoke() - CORE/src/Http/Runner.php, line 65
Cake\Routing\Middleware\AssetMiddleware::__invoke() - CORE/src/Routing/Middleware/AssetMiddleware.php, line 88
Cake\Http\Runner::__invoke() - CORE/src/Http/Runner.php, line 65
Cake\Error\Middleware\ErrorHandlerMiddleware::__invoke() - CORE/src/Error/Middleware/ErrorHandlerMiddleware.php, line 96
Cake\Http\Runner::__invoke() - CORE/src/Http/Runner.php, line 65
Cake\Http\Runner::run() - CORE/src/Http/Runner.php, line 51
Cake\Http\Server::run() - CORE/src/Http/Server.php, line 98
[main] - ROOT/webroot/index.php, line 40



